<?xml version="1.0" encoding="UTF-8"?>
<coverage generated="1666400514549" clover="3.2.0">
  <project timestamp="1666400514549" name="All files">
    <metrics statements="102" coveredstatements="102" conditionals="12" coveredconditionals="12" methods="47" coveredmethods="47" elements="161" coveredelements="161" complexity="0" loc="102" ncloc="102" packages="6" files="18" classes="18"/>
    <package name="src">
      <metrics statements="17" coveredstatements="17" conditionals="0" coveredconditionals="0" methods="8" coveredmethods="8"/>
      <file name="App.js" path="/home/priscila/Documentos/sd-025-b-project-react-testing-library/src/App.js">
        <metrics statements="13" coveredstatements="13" conditionals="0" coveredconditionals="0" methods="7" coveredmethods="7"/>
        <line num="16" count="19" type="stmt"/>
        <line num="17" count="19" type="stmt"/>
        <line num="21" count="4" type="stmt"/>
        <line num="23" count="4" type="stmt"/>
        <line num="27" count="23" type="stmt"/>
        <line num="28" count="23" type="stmt"/>
        <line num="29" count="207" type="stmt"/>
        <line num="30" count="207" type="stmt"/>
        <line num="33" count="23" type="stmt"/>
        <line num="37" count="23" type="stmt"/>
        <line num="38" count="207" type="stmt"/>
        <line num="39" count="23" type="stmt"/>
        <line num="52" count="4" type="stmt"/>
      </file>
      <file name="data.js" path="/home/priscila/Documentos/sd-025-b-project-react-testing-library/src/data.js">
        <metrics statements="1" coveredstatements="1" conditionals="0" coveredconditionals="0" methods="0" coveredmethods="0"/>
        <line num="1" count="5" type="stmt"/>
      </file>
      <file name="renderWithRouter.js" path="/home/priscila/Documentos/sd-025-b-project-react-testing-library/src/renderWithRouter.js">
        <metrics statements="3" coveredstatements="3" conditionals="0" coveredconditionals="0" methods="1" coveredmethods="1"/>
        <line num="6" count="5" type="stmt"/>
        <line num="7" count="17" type="stmt"/>
        <line num="8" count="17" type="stmt"/>
      </file>
    </package>
    <package name="src.components">
      <metrics statements="25" coveredstatements="25" conditionals="4" coveredconditionals="4" methods="10" coveredmethods="10"/>
      <file name="Button.js" path="/home/priscila/Documentos/sd-025-b-project-react-testing-library/src/components/Button.js">
        <metrics statements="4" coveredstatements="4" conditionals="0" coveredconditionals="0" methods="1" coveredmethods="1"/>
        <line num="14" count="378" type="stmt"/>
        <line num="16" count="378" type="stmt"/>
        <line num="30" count="5" type="stmt"/>
        <line num="38" count="5" type="stmt"/>
      </file>
      <file name="FavoriteInput.js" path="/home/priscila/Documentos/sd-025-b-project-react-testing-library/src/components/FavoriteInput.js">
        <metrics statements="4" coveredstatements="4" conditionals="0" coveredconditionals="0" methods="2" coveredmethods="2"/>
        <line num="6" count="15" type="stmt"/>
        <line num="7" count="15" type="stmt"/>
        <line num="16" count="4" type="stmt"/>
        <line num="25" count="5" type="stmt"/>
      </file>
      <file name="Pokemon.js" path="/home/priscila/Documentos/sd-025-b-project-react-testing-library/src/components/Pokemon.js">
        <metrics statements="6" coveredstatements="6" conditionals="4" coveredconditionals="4" methods="1" coveredmethods="1"/>
        <line num="11" count="58" type="stmt"/>
        <line num="12" count="58" type="stmt"/>
        <line num="13" count="58" type="stmt"/>
        <line num="15" count="58" type="stmt"/>
        <line num="38" count="5" type="stmt"/>
        <line num="44" count="5" type="stmt"/>
      </file>
      <file name="PokemonButtonsPanel.js" path="/home/priscila/Documentos/sd-025-b-project-react-testing-library/src/components/PokemonButtonsPanel.js">
        <metrics statements="6" coveredstatements="6" conditionals="0" coveredconditionals="0" methods="4" coveredmethods="4"/>
        <line num="8" count="42" type="stmt"/>
        <line num="9" count="42" type="stmt"/>
        <line num="12" count="1" type="stmt"/>
        <line num="18" count="294" type="stmt"/>
        <line num="21" count="7" type="stmt"/>
        <line num="32" count="5" type="stmt"/>
      </file>
      <file name="PokemonData.js" path="/home/priscila/Documentos/sd-025-b-project-react-testing-library/src/components/PokemonData.js">
        <metrics statements="5" coveredstatements="5" conditionals="0" coveredconditionals="0" methods="2" coveredmethods="2"/>
        <line num="6" count="15" type="stmt"/>
        <line num="7" count="15" type="stmt"/>
        <line num="9" count="15" type="stmt"/>
        <line num="19" count="30" type="stmt"/>
        <line num="31" count="5" type="stmt"/>
      </file>
      <file name="index.js" path="/home/priscila/Documentos/sd-025-b-project-react-testing-library/src/components/index.js">
        <metrics statements="0" coveredstatements="0" conditionals="0" coveredconditionals="0" methods="0" coveredmethods="0"/>
      </file>
    </package>
    <package name="src.pages">
      <metrics statements="38" coveredstatements="38" conditionals="4" coveredconditionals="4" methods="19" coveredmethods="19"/>
      <file name="About.js" path="/home/priscila/Documentos/sd-025-b-project-react-testing-library/src/pages/About.js">
        <metrics statements="1" coveredstatements="1" conditionals="0" coveredconditionals="0" methods="1" coveredmethods="1"/>
        <line num="6" count="5" type="stmt"/>
      </file>
      <file name="FavoritePokemons.js" path="/home/priscila/Documentos/sd-025-b-project-react-testing-library/src/pages/FavoritePokemons.js">
        <metrics statements="7" coveredstatements="7" conditionals="2" coveredconditionals="2" methods="2" coveredmethods="2"/>
        <line num="9" count="5" type="stmt"/>
        <line num="13" count="3" type="stmt"/>
        <line num="14" count="3" type="stmt"/>
        <line num="16" count="3" type="stmt"/>
        <line num="25" count="1" type="stmt"/>
        <line num="35" count="5" type="stmt"/>
        <line num="39" count="5" type="stmt"/>
      </file>
      <file name="NotFound.js" path="/home/priscila/Documentos/sd-025-b-project-react-testing-library/src/pages/NotFound.js">
        <metrics statements="1" coveredstatements="1" conditionals="0" coveredconditionals="0" methods="1" coveredmethods="1"/>
        <line num="6" count="4" type="stmt"/>
      </file>
      <file name="Pokedex.js" path="/home/priscila/Documentos/sd-025-b-project-react-testing-library/src/pages/Pokedex.js">
        <metrics statements="21" coveredstatements="21" conditionals="2" coveredconditionals="2" methods="11" coveredmethods="11"/>
        <line num="15" count="19" type="stmt"/>
        <line num="16" count="19" type="stmt"/>
        <line num="20" count="8" type="stmt"/>
        <line num="24" count="14" type="stmt"/>
        <line num="25" count="14" type="stmt"/>
        <line num="30" count="42" type="stmt"/>
        <line num="31" count="42" type="stmt"/>
        <line num="33" count="42" type="stmt"/>
        <line num="34" count="378" type="cond" truecount="2" falsecount="0"/>
        <line num="35" count="81" type="stmt"/>
        <line num="40" count="42" type="stmt"/>
        <line num="42" count="378" type="stmt"/>
        <line num="46" count="42" type="stmt"/>
        <line num="47" count="42" type="stmt"/>
        <line num="48" count="42" type="stmt"/>
        <line num="49" count="42" type="stmt"/>
        <line num="50" count="42" type="stmt"/>
        <line num="52" count="42" type="stmt"/>
        <line num="61" count="8" type="stmt"/>
        <line num="66" count="14" type="stmt"/>
        <line num="76" count="5" type="stmt"/>
      </file>
      <file name="PokemonDetails.js" path="/home/priscila/Documentos/sd-025-b-project-react-testing-library/src/pages/PokemonDetails.js">
        <metrics statements="8" coveredstatements="8" conditionals="0" coveredconditionals="0" methods="4" coveredmethods="4"/>
        <line num="13" count="15" type="stmt"/>
        <line num="15" count="15" type="stmt"/>
        <line num="23" count="15" type="stmt"/>
        <line num="25" count="15" type="stmt"/>
        <line num="26" count="15" type="stmt"/>
        <line num="27" count="15" type="stmt"/>
        <line num="39" count="4" type="stmt"/>
        <line num="47" count="5" type="stmt"/>
      </file>
      <file name="index.js" path="/home/priscila/Documentos/sd-025-b-project-react-testing-library/src/pages/index.js">
        <metrics statements="0" coveredstatements="0" conditionals="0" coveredconditionals="0" methods="0" coveredmethods="0"/>
      </file>
    </package>
    <package name="src.routes">
      <metrics statements="6" coveredstatements="6" conditionals="0" coveredconditionals="0" methods="4" coveredmethods="4"/>
      <file name="index.js" path="/home/priscila/Documentos/sd-025-b-project-react-testing-library/src/routes/index.js">
        <metrics statements="6" coveredstatements="6" conditionals="0" coveredconditionals="0" methods="4" coveredmethods="4"/>
        <line num="18" count="23" type="stmt"/>
        <line num="19" count="23" type="stmt"/>
        <line num="25" count="20" type="stmt"/>
        <line num="34" count="15" type="stmt"/>
        <line num="44" count="2" type="stmt"/>
        <line num="53" count="5" type="stmt"/>
      </file>
    </package>
    <package name="src.services">
      <metrics statements="14" coveredstatements="14" conditionals="4" coveredconditionals="4" methods="6" coveredmethods="6"/>
      <file name="pokedexService.js" path="/home/priscila/Documentos/sd-025-b-project-react-testing-library/src/services/pokedexService.js">
        <metrics statements="14" coveredstatements="14" conditionals="4" coveredconditionals="4" methods="6" coveredmethods="6"/>
        <line num="1" count="5" type="stmt"/>
        <line num="2" count="27" type="cond" truecount="2" falsecount="0"/>
        <line num="5" count="5" type="stmt"/>
        <line num="6" count="4" type="stmt"/>
        <line num="9" count="5" type="stmt"/>
        <line num="10" count="3" type="stmt"/>
        <line num="11" count="3" type="stmt"/>
        <line num="13" count="3" type="stmt"/>
        <line num="16" count="5" type="stmt"/>
        <line num="17" count="1" type="stmt"/>
        <line num="18" count="1" type="stmt"/>
        <line num="20" count="1" type="stmt"/>
        <line num="23" count="5" type="stmt"/>
        <line num="24" count="4" type="cond" truecount="2" falsecount="0"/>
      </file>
    </package>
    <package name="src.types">
      <metrics statements="2" coveredstatements="2" conditionals="0" coveredconditionals="0" methods="0" coveredmethods="0"/>
      <file name="index.js" path="/home/priscila/Documentos/sd-025-b-project-react-testing-library/src/types/index.js">
        <metrics statements="2" coveredstatements="2" conditionals="0" coveredconditionals="0" methods="0" coveredmethods="0"/>
        <line num="10" count="5" type="stmt"/>
        <line num="12" count="5" type="stmt"/>
      </file>
    </package>
  </project>
</coverage>
