{"/home/priscila/Documentos/sd-025-b-project-react-testing-library/src/App.js": {"path":"/home/priscila/Documentos/sd-025-b-project-react-testing-library/src/App.js","statementMap":{"0":{"start":{"line":16,"column":4},"end":{"line":16,"column":17}},"1":{"start":{"line":17,"column":4},"end":{"line":17,"column":76}},"2":{"start":{"line":21,"column":4},"end":{"line":21,"column":50}},"3":{"start":{"line":23,"column":4},"end":{"line":23,"column":80}},"4":{"start":{"line":27,"column":31},"end":{"line":27,"column":55}},"5":{"start":{"line":28,"column":30},"end":{"line":31,"column":10}},"6":{"start":{"line":29,"column":6},"end":{"line":29,"column":64}},"7":{"start":{"line":30,"column":6},"end":{"line":30,"column":17}},"8":{"start":{"line":33,"column":4},"end":{"line":33,"column":29}},"9":{"start":{"line":37,"column":38},"end":{"line":37,"column":48}},"10":{"start":{"line":38,"column":29},"end":{"line":38,"column":83}},"11":{"start":{"line":38,"column":57},"end":{"line":38,"column":82}},"12":{"start":{"line":39,"column":4},"end":{"line":56,"column":6}},"13":{"start":{"line":52,"column":36},"end":{"line":52,"column":85}}},"fnMap":{"0":{"name":"(anonymous_0)","decl":{"start":{"line":15,"column":2},"end":{"line":15,"column":3}},"loc":{"start":{"line":15,"column":21},"end":{"line":18,"column":3}},"line":15},"1":{"name":"(anonymous_1)","decl":{"start":{"line":20,"column":2},"end":{"line":20,"column":3}},"loc":{"start":{"line":20,"column":50},"end":{"line":24,"column":3}},"line":20},"2":{"name":"(anonymous_2)","decl":{"start":{"line":26,"column":2},"end":{"line":26,"column":3}},"loc":{"start":{"line":26,"column":29},"end":{"line":34,"column":3}},"line":26},"3":{"name":"(anonymous_3)","decl":{"start":{"line":28,"column":46},"end":{"line":28,"column":47}},"loc":{"start":{"line":28,"column":64},"end":{"line":31,"column":5}},"line":28},"4":{"name":"(anonymous_4)","decl":{"start":{"line":36,"column":2},"end":{"line":36,"column":3}},"loc":{"start":{"line":36,"column":11},"end":{"line":57,"column":3}},"line":36},"5":{"name":"(anonymous_5)","decl":{"start":{"line":38,"column":45},"end":{"line":38,"column":46}},"loc":{"start":{"line":38,"column":57},"end":{"line":38,"column":82}},"line":38},"6":{"name":"(anonymous_6)","decl":{"start":{"line":52,"column":12},"end":{"line":52,"column":13}},"loc":{"start":{"line":52,"column":36},"end":{"line":52,"column":85}},"line":52}},"branchMap":{},"s":{"0":19,"1":19,"2":4,"3":4,"4":23,"5":23,"6":207,"7":207,"8":23,"9":23,"10":23,"11":207,"12":23,"13":4},"f":{"0":19,"1":4,"2":23,"3":207,"4":23,"5":207,"6":4},"b":{},"_coverageSchema":"1a1c01bbd47fc00a2c39e90264f33305004495a9","hash":"00c8afdc776eb8b631d94d63b0743db5af8800f3"}
,"/home/priscila/Documentos/sd-025-b-project-react-testing-library/src/data.js": {"path":"/home/priscila/Documentos/sd-025-b-project-react-testing-library/src/data.js","statementMap":{"0":{"start":{"line":1,"column":17},"end":{"line":200,"column":1}}},"fnMap":{},"branchMap":{},"s":{"0":5},"f":{},"b":{},"_coverageSchema":"1a1c01bbd47fc00a2c39e90264f33305004495a9","hash":"403f6afb850be306bd36c3f59dc6abf4a8efa04e"}
,"/home/priscila/Documentos/sd-025-b-project-react-testing-library/src/renderWithRouter.js": {"path":"/home/priscila/Documentos/sd-025-b-project-react-testing-library/src/renderWithRouter.js","statementMap":{"0":{"start":{"line":6,"column":25},"end":{"line":11,"column":1}},"1":{"start":{"line":7,"column":18},"end":{"line":7,"column":39}},"2":{"start":{"line":8,"column":2},"end":{"line":10,"column":5}}},"fnMap":{"0":{"name":"(anonymous_0)","decl":{"start":{"line":6,"column":25},"end":{"line":6,"column":26}},"loc":{"start":{"line":6,"column":40},"end":{"line":11,"column":1}},"line":6}},"branchMap":{},"s":{"0":5,"1":17,"2":17},"f":{"0":17},"b":{},"_coverageSchema":"1a1c01bbd47fc00a2c39e90264f33305004495a9","hash":"c6ac9528a1f6ce63106dc7b84824dfa4a0e16621"}
,"/home/priscila/Documentos/sd-025-b-project-react-testing-library/src/components/Button.js": {"path":"/home/priscila/Documentos/sd-025-b-project-react-testing-library/src/components/Button.js","statementMap":{"0":{"start":{"line":14,"column":8},"end":{"line":14,"column":18}},"1":{"start":{"line":16,"column":4},"end":{"line":26,"column":6}},"2":{"start":{"line":30,"column":0},"end":{"line":36,"column":2}},"3":{"start":{"line":38,"column":0},"end":{"line":43,"column":2}}},"fnMap":{"0":{"name":"(anonymous_0)","decl":{"start":{"line":7,"column":2},"end":{"line":7,"column":3}},"loc":{"start":{"line":7,"column":11},"end":{"line":27,"column":3}},"line":7}},"branchMap":{},"s":{"0":378,"1":378,"2":5,"3":5},"f":{"0":378},"b":{},"_coverageSchema":"1a1c01bbd47fc00a2c39e90264f33305004495a9","hash":"8c241eb9b04adb0617985785d579933f19d207fd"}
,"/home/priscila/Documentos/sd-025-b-project-react-testing-library/src/components/FavoriteInput.js": {"path":"/home/priscila/Documentos/sd-025-b-project-react-testing-library/src/components/FavoriteInput.js","statementMap":{"0":{"start":{"line":6,"column":53},"end":{"line":6,"column":63}},"1":{"start":{"line":7,"column":4},"end":{"line":21,"column":6}},"2":{"start":{"line":16,"column":43},"end":{"line":16,"column":76}},"3":{"start":{"line":25,"column":0},"end":{"line":28,"column":2}}},"fnMap":{"0":{"name":"(anonymous_0)","decl":{"start":{"line":5,"column":2},"end":{"line":5,"column":3}},"loc":{"start":{"line":5,"column":11},"end":{"line":22,"column":3}},"line":5},"1":{"name":"(anonymous_1)","decl":{"start":{"line":16,"column":14},"end":{"line":16,"column":15}},"loc":{"start":{"line":16,"column":43},"end":{"line":16,"column":76}},"line":16}},"branchMap":{},"s":{"0":15,"1":15,"2":4,"3":5},"f":{"0":15,"1":4},"b":{},"_coverageSchema":"1a1c01bbd47fc00a2c39e90264f33305004495a9","hash":"08db1e8a86b43a94c517f13dce7a2a31f9a05130"}
,"/home/priscila/Documentos/sd-025-b-project-react-testing-library/src/components/Pokemon.js": {"path":"/home/priscila/Documentos/sd-025-b-project-react-testing-library/src/components/Pokemon.js","statementMap":{"0":{"start":{"line":11,"column":53},"end":{"line":11,"column":63}},"1":{"start":{"line":12,"column":53},"end":{"line":12,"column":60}},"2":{"start":{"line":13,"column":39},"end":{"line":13,"column":52}},"3":{"start":{"line":15,"column":4},"end":{"line":34,"column":6}},"4":{"start":{"line":38,"column":0},"end":{"line":42,"column":2}},"5":{"start":{"line":44,"column":0},"end":{"line":46,"column":2}}},"fnMap":{"0":{"name":"(anonymous_0)","decl":{"start":{"line":10,"column":2},"end":{"line":10,"column":3}},"loc":{"start":{"line":10,"column":11},"end":{"line":35,"column":3}},"line":10}},"branchMap":{"0":{"loc":{"start":{"line":23,"column":11},"end":{"line":23,"column":77}},"type":"binary-expr","locations":[{"start":{"line":23,"column":11},"end":{"line":23,"column":26}},{"start":{"line":23,"column":30},"end":{"line":23,"column":77}}],"line":23},"1":{"loc":{"start":{"line":26,"column":9},"end":{"line":32,"column":9}},"type":"binary-expr","locations":[{"start":{"line":26,"column":9},"end":{"line":26,"column":19}},{"start":{"line":27,"column":10},"end":{"line":31,"column":12}}],"line":26}},"s":{"0":58,"1":58,"2":58,"3":58,"4":5,"5":5},"f":{"0":58},"b":{"0":[58,43],"1":[58,5]},"_coverageSchema":"1a1c01bbd47fc00a2c39e90264f33305004495a9","hash":"b9e026ca988f5b2433de068915b1260d09f1475b"}
,"/home/priscila/Documentos/sd-025-b-project-react-testing-library/src/components/PokemonButtonsPanel.js": {"path":"/home/priscila/Documentos/sd-025-b-project-react-testing-library/src/components/PokemonButtonsPanel.js","statementMap":{"0":{"start":{"line":8,"column":45},"end":{"line":8,"column":55}},"1":{"start":{"line":9,"column":4},"end":{"line":28,"column":6}},"2":{"start":{"line":12,"column":26},"end":{"line":12,"column":47}},"3":{"start":{"line":18,"column":10},"end":{"line":25,"column":19}},"4":{"start":{"line":21,"column":28},"end":{"line":21,"column":48}},"5":{"start":{"line":32,"column":0},"end":{"line":35,"column":2}}},"fnMap":{"0":{"name":"(anonymous_0)","decl":{"start":{"line":7,"column":2},"end":{"line":7,"column":3}},"loc":{"start":{"line":7,"column":11},"end":{"line":29,"column":3}},"line":7},"1":{"name":"(anonymous_1)","decl":{"start":{"line":12,"column":20},"end":{"line":12,"column":21}},"loc":{"start":{"line":12,"column":26},"end":{"line":12,"column":47}},"line":12},"2":{"name":"(anonymous_2)","decl":{"start":{"line":17,"column":26},"end":{"line":17,"column":27}},"loc":{"start":{"line":18,"column":10},"end":{"line":25,"column":19}},"line":18},"3":{"name":"(anonymous_3)","decl":{"start":{"line":21,"column":22},"end":{"line":21,"column":23}},"loc":{"start":{"line":21,"column":28},"end":{"line":21,"column":48}},"line":21}},"branchMap":{},"s":{"0":42,"1":42,"2":1,"3":294,"4":7,"5":5},"f":{"0":42,"1":1,"2":294,"3":7},"b":{},"_coverageSchema":"1a1c01bbd47fc00a2c39e90264f33305004495a9","hash":"f850dfec3514bdcc630ce032b89f1b8acf519b54"}
,"/home/priscila/Documentos/sd-025-b-project-react-testing-library/src/components/PokemonData.js": {"path":"/home/priscila/Documentos/sd-025-b-project-react-testing-library/src/components/PokemonData.js","statementMap":{"0":{"start":{"line":6,"column":24},"end":{"line":6,"column":34}},"1":{"start":{"line":7,"column":39},"end":{"line":7,"column":46}},"2":{"start":{"line":9,"column":4},"end":{"line":27,"column":6}},"3":{"start":{"line":19,"column":14},"end":{"line":22,"column":20}},"4":{"start":{"line":31,"column":0},"end":{"line":33,"column":2}}},"fnMap":{"0":{"name":"(anonymous_0)","decl":{"start":{"line":5,"column":2},"end":{"line":5,"column":3}},"loc":{"start":{"line":5,"column":11},"end":{"line":28,"column":3}},"line":5},"1":{"name":"(anonymous_1)","decl":{"start":{"line":18,"column":26},"end":{"line":18,"column":27}},"loc":{"start":{"line":19,"column":14},"end":{"line":22,"column":20}},"line":19}},"branchMap":{},"s":{"0":15,"1":15,"2":15,"3":30,"4":5},"f":{"0":15,"1":30},"b":{},"_coverageSchema":"1a1c01bbd47fc00a2c39e90264f33305004495a9","hash":"3b0de2d565e746cf688321d5eb46a7ef44f78852"}
,"/home/priscila/Documentos/sd-025-b-project-react-testing-library/src/components/index.js": {"path":"/home/priscila/Documentos/sd-025-b-project-react-testing-library/src/components/index.js","statementMap":{},"fnMap":{},"branchMap":{},"s":{},"f":{},"b":{},"_coverageSchema":"1a1c01bbd47fc00a2c39e90264f33305004495a9","hash":"fdfb76089e05a076beaef4a9d03dbb36122141eb"}
,"/home/priscila/Documentos/sd-025-b-project-react-testing-library/src/pages/About.js": {"path":"/home/priscila/Documentos/sd-025-b-project-react-testing-library/src/pages/About.js","statementMap":{"0":{"start":{"line":6,"column":4},"end":{"line":24,"column":6}}},"fnMap":{"0":{"name":"(anonymous_0)","decl":{"start":{"line":5,"column":2},"end":{"line":5,"column":3}},"loc":{"start":{"line":5,"column":11},"end":{"line":25,"column":3}},"line":5}},"branchMap":{},"s":{"0":5},"f":{"0":5},"b":{},"_coverageSchema":"1a1c01bbd47fc00a2c39e90264f33305004495a9","hash":"ca84f08b5ffc71de2c745c6a22b3b479193dabb5"}
,"/home/priscila/Documentos/sd-025-b-project-react-testing-library/src/pages/FavoritePokemons.js": {"path":"/home/priscila/Documentos/sd-025-b-project-react-testing-library/src/pages/FavoritePokemons.js","statementMap":{"0":{"start":{"line":9,"column":13},"end":{"line":9,"column":14}},"1":{"start":{"line":13,"column":25},"end":{"line":13,"column":35}},"2":{"start":{"line":14,"column":20},"end":{"line":14,"column":44}},"3":{"start":{"line":16,"column":4},"end":{"line":31,"column":6}},"4":{"start":{"line":25,"column":12},"end":{"line":27,"column":18}},"5":{"start":{"line":35,"column":0},"end":{"line":37,"column":2}},"6":{"start":{"line":39,"column":0},"end":{"line":41,"column":2}}},"fnMap":{"0":{"name":"(anonymous_0)","decl":{"start":{"line":12,"column":2},"end":{"line":12,"column":3}},"loc":{"start":{"line":12,"column":11},"end":{"line":32,"column":3}},"line":12},"1":{"name":"(anonymous_1)","decl":{"start":{"line":24,"column":23},"end":{"line":24,"column":24}},"loc":{"start":{"line":25,"column":12},"end":{"line":27,"column":18}},"line":25}},"branchMap":{"0":{"loc":{"start":{"line":19,"column":10},"end":{"line":29,"column":9}},"type":"cond-expr","locations":[{"start":{"line":20,"column":10},"end":{"line":22,"column":16}},{"start":{"line":24,"column":10},"end":{"line":28,"column":12}}],"line":19}},"s":{"0":5,"1":3,"2":3,"3":3,"4":1,"5":5,"6":5},"f":{"0":3,"1":1},"b":{"0":[2,1]},"_coverageSchema":"1a1c01bbd47fc00a2c39e90264f33305004495a9","hash":"68ecd202a798657b0a445b1b09122e6b626da449"}
,"/home/priscila/Documentos/sd-025-b-project-react-testing-library/src/pages/NotFound.js": {"path":"/home/priscila/Documentos/sd-025-b-project-react-testing-library/src/pages/NotFound.js","statementMap":{"0":{"start":{"line":6,"column":4},"end":{"line":17,"column":6}}},"fnMap":{"0":{"name":"(anonymous_0)","decl":{"start":{"line":5,"column":2},"end":{"line":5,"column":3}},"loc":{"start":{"line":5,"column":11},"end":{"line":18,"column":3}},"line":5}},"branchMap":{},"s":{"0":4},"f":{"0":4},"b":{},"_coverageSchema":"1a1c01bbd47fc00a2c39e90264f33305004495a9","hash":"4450928164feb5dcc585b1fe0dfb886643fbb93a"}
,"/home/priscila/Documentos/sd-025-b-project-react-testing-library/src/pages/Pokedex.js": {"path":"/home/priscila/Documentos/sd-025-b-project-react-testing-library/src/pages/Pokedex.js","statementMap":{"0":{"start":{"line":15,"column":4},"end":{"line":15,"column":17}},"1":{"start":{"line":16,"column":4},"end":{"line":16,"column":58}},"2":{"start":{"line":20,"column":4},"end":{"line":20,"column":53}},"3":{"start":{"line":24,"column":4},"end":{"line":26,"column":7}},"4":{"start":{"line":25,"column":6},"end":{"line":25,"column":67}},"5":{"start":{"line":30,"column":25},"end":{"line":30,"column":35}},"6":{"start":{"line":31,"column":29},"end":{"line":31,"column":39}},"7":{"start":{"line":33,"column":4},"end":{"line":36,"column":7}},"8":{"start":{"line":34,"column":6},"end":{"line":34,"column":46}},"9":{"start":{"line":34,"column":34},"end":{"line":34,"column":46}},"10":{"start":{"line":35,"column":6},"end":{"line":35,"column":43}},"11":{"start":{"line":40,"column":25},"end":{"line":40,"column":35}},"12":{"start":{"line":42,"column":4},"end":{"line":42,"column":84}},"13":{"start":{"line":42,"column":60},"end":{"line":42,"column":76}},"14":{"start":{"line":46,"column":38},"end":{"line":46,"column":48}},"15":{"start":{"line":47,"column":29},"end":{"line":47,"column":57}},"16":{"start":{"line":48,"column":29},"end":{"line":48,"column":39}},"17":{"start":{"line":49,"column":20},"end":{"line":49,"column":50}},"18":{"start":{"line":50,"column":25},"end":{"line":50,"column":49}},"19":{"start":{"line":52,"column":4},"end":{"line":72,"column":6}},"20":{"start":{"line":61,"column":37},"end":{"line":61,"column":62}},"21":{"start":{"line":66,"column":26},"end":{"line":66,"column":67}},"22":{"start":{"line":76,"column":0},"end":{"line":79,"column":2}}},"fnMap":{"0":{"name":"(anonymous_0)","decl":{"start":{"line":14,"column":2},"end":{"line":14,"column":3}},"loc":{"start":{"line":14,"column":21},"end":{"line":17,"column":3}},"line":14},"1":{"name":"(anonymous_1)","decl":{"start":{"line":19,"column":2},"end":{"line":19,"column":3}},"loc":{"start":{"line":19,"column":31},"end":{"line":21,"column":3}},"line":19},"2":{"name":"(anonymous_2)","decl":{"start":{"line":23,"column":2},"end":{"line":23,"column":3}},"loc":{"start":{"line":23,"column":32},"end":{"line":27,"column":3}},"line":23},"3":{"name":"(anonymous_3)","decl":{"start":{"line":24,"column":18},"end":{"line":24,"column":19}},"loc":{"start":{"line":25,"column":6},"end":{"line":25,"column":67}},"line":25},"4":{"name":"(anonymous_4)","decl":{"start":{"line":29,"column":2},"end":{"line":29,"column":3}},"loc":{"start":{"line":29,"column":26},"end":{"line":37,"column":3}},"line":29},"5":{"name":"(anonymous_5)","decl":{"start":{"line":33,"column":27},"end":{"line":33,"column":28}},"loc":{"start":{"line":33,"column":40},"end":{"line":36,"column":5}},"line":33},"6":{"name":"(anonymous_6)","decl":{"start":{"line":39,"column":2},"end":{"line":39,"column":3}},"loc":{"start":{"line":39,"column":22},"end":{"line":43,"column":3}},"line":39},"7":{"name":"(anonymous_7)","decl":{"start":{"line":42,"column":39},"end":{"line":42,"column":40}},"loc":{"start":{"line":42,"column":60},"end":{"line":42,"column":76}},"line":42},"8":{"name":"(anonymous_8)","decl":{"start":{"line":45,"column":2},"end":{"line":45,"column":3}},"loc":{"start":{"line":45,"column":11},"end":{"line":73,"column":3}},"line":45},"9":{"name":"(anonymous_9)","decl":{"start":{"line":61,"column":27},"end":{"line":61,"column":28}},"loc":{"start":{"line":61,"column":37},"end":{"line":61,"column":62}},"line":61},"10":{"name":"(anonymous_10)","decl":{"start":{"line":66,"column":20},"end":{"line":66,"column":21}},"loc":{"start":{"line":66,"column":26},"end":{"line":66,"column":67}},"line":66}},"branchMap":{"0":{"loc":{"start":{"line":34,"column":6},"end":{"line":34,"column":46}},"type":"if","locations":[{"start":{"line":34,"column":6},"end":{"line":34,"column":46}},{"start":{},"end":{}}],"line":34}},"s":{"0":19,"1":19,"2":8,"3":14,"4":14,"5":42,"6":42,"7":42,"8":378,"9":297,"10":81,"11":42,"12":42,"13":378,"14":42,"15":42,"16":42,"17":42,"18":42,"19":42,"20":8,"21":14,"22":5},"f":{"0":19,"1":8,"2":14,"3":14,"4":42,"5":378,"6":42,"7":378,"8":42,"9":8,"10":14},"b":{"0":[297,81]},"_coverageSchema":"1a1c01bbd47fc00a2c39e90264f33305004495a9","hash":"4cbd730f2eec59bb996bdc6cec278cc20c7a79d8"}
,"/home/priscila/Documentos/sd-025-b-project-react-testing-library/src/pages/PokemonDetails.js": {"path":"/home/priscila/Documentos/sd-025-b-project-react-testing-library/src/pages/PokemonDetails.js","statementMap":{"0":{"start":{"line":13,"column":25},"end":{"line":13,"column":35}},"1":{"start":{"line":15,"column":4},"end":{"line":15,"column":53}},"2":{"start":{"line":15,"column":37},"end":{"line":15,"column":51}},"3":{"start":{"line":23,"column":8},"end":{"line":23,"column":18}},"4":{"start":{"line":25,"column":20},"end":{"line":25,"column":54}},"5":{"start":{"line":26,"column":23},"end":{"line":26,"column":48}},"6":{"start":{"line":27,"column":4},"end":{"line":43,"column":6}},"7":{"start":{"line":39,"column":25},"end":{"line":39,"column":70}},"8":{"start":{"line":47,"column":0},"end":{"line":56,"column":2}}},"fnMap":{"0":{"name":"(anonymous_0)","decl":{"start":{"line":12,"column":2},"end":{"line":12,"column":3}},"loc":{"start":{"line":12,"column":23},"end":{"line":16,"column":3}},"line":12},"1":{"name":"(anonymous_1)","decl":{"start":{"line":15,"column":25},"end":{"line":15,"column":26}},"loc":{"start":{"line":15,"column":37},"end":{"line":15,"column":51}},"line":15},"2":{"name":"(anonymous_2)","decl":{"start":{"line":18,"column":2},"end":{"line":18,"column":3}},"loc":{"start":{"line":18,"column":11},"end":{"line":44,"column":3}},"line":18},"3":{"name":"(anonymous_3)","decl":{"start":{"line":39,"column":12},"end":{"line":39,"column":13}},"loc":{"start":{"line":39,"column":25},"end":{"line":39,"column":70}},"line":39}},"branchMap":{},"s":{"0":15,"1":15,"2":15,"3":15,"4":15,"5":15,"6":15,"7":4,"8":5},"f":{"0":15,"1":15,"2":15,"3":4},"b":{},"_coverageSchema":"1a1c01bbd47fc00a2c39e90264f33305004495a9","hash":"09dab21d1b80b7a54da6fb0aed249d68e7737f11"}
,"/home/priscila/Documentos/sd-025-b-project-react-testing-library/src/pages/index.js": {"path":"/home/priscila/Documentos/sd-025-b-project-react-testing-library/src/pages/index.js","statementMap":{},"fnMap":{},"branchMap":{},"s":{},"f":{},"b":{},"_coverageSchema":"1a1c01bbd47fc00a2c39e90264f33305004495a9","hash":"fc7b104699fe7b841810fbe19aaf048f2839767e"}
,"/home/priscila/Documentos/sd-025-b-project-react-testing-library/src/routes/index.js": {"path":"/home/priscila/Documentos/sd-025-b-project-react-testing-library/src/routes/index.js","statementMap":{"0":{"start":{"line":18,"column":8},"end":{"line":18,"column":18}},"1":{"start":{"line":19,"column":4},"end":{"line":49,"column":6}},"2":{"start":{"line":25,"column":12},"end":{"line":28,"column":14}},"3":{"start":{"line":34,"column":12},"end":{"line":39,"column":14}},"4":{"start":{"line":44,"column":25},"end":{"line":44,"column":75}},"5":{"start":{"line":53,"column":0},"end":{"line":58,"column":2}}},"fnMap":{"0":{"name":"(anonymous_0)","decl":{"start":{"line":15,"column":2},"end":{"line":15,"column":3}},"loc":{"start":{"line":15,"column":11},"end":{"line":50,"column":3}},"line":15},"1":{"name":"(anonymous_1)","decl":{"start":{"line":24,"column":19},"end":{"line":24,"column":20}},"loc":{"start":{"line":25,"column":12},"end":{"line":28,"column":14}},"line":25},"2":{"name":"(anonymous_2)","decl":{"start":{"line":33,"column":19},"end":{"line":33,"column":20}},"loc":{"start":{"line":34,"column":12},"end":{"line":39,"column":14}},"line":34},"3":{"name":"(anonymous_3)","decl":{"start":{"line":44,"column":19},"end":{"line":44,"column":20}},"loc":{"start":{"line":44,"column":25},"end":{"line":44,"column":75}},"line":44}},"branchMap":{},"s":{"0":23,"1":23,"2":20,"3":15,"4":2,"5":5},"f":{"0":23,"1":20,"2":15,"3":2},"b":{},"_coverageSchema":"1a1c01bbd47fc00a2c39e90264f33305004495a9","hash":"64e87c4d83da7340d18c7e264486bd837c1d5498"}
,"/home/priscila/Documentos/sd-025-b-project-react-testing-library/src/services/pokedexService.js": {"path":"/home/priscila/Documentos/sd-025-b-project-react-testing-library/src/services/pokedexService.js","statementMap":{"0":{"start":{"line":1,"column":38},"end":{"line":3,"column":1}},"1":{"start":{"line":2,"column":2},"end":{"line":2,"column":62}},"2":{"start":{"line":5,"column":29},"end":{"line":7,"column":1}},"3":{"start":{"line":6,"column":2},"end":{"line":6,"column":70}},"4":{"start":{"line":9,"column":30},"end":{"line":14,"column":1}},"5":{"start":{"line":10,"column":27},"end":{"line":10,"column":51}},"6":{"start":{"line":11,"column":30},"end":{"line":11,"column":62}},"7":{"start":{"line":13,"column":2},"end":{"line":13,"column":44}},"8":{"start":{"line":16,"column":35},"end":{"line":21,"column":1}},"9":{"start":{"line":17,"column":27},"end":{"line":17,"column":51}},"10":{"start":{"line":18,"column":30},"end":{"line":18,"column":79}},"11":{"start":{"line":18,"column":62},"end":{"line":18,"column":78}},"12":{"start":{"line":20,"column":2},"end":{"line":20,"column":44}},"13":{"start":{"line":23,"column":38},"end":{"line":25,"column":1}},"14":{"start":{"line":24,"column":2},"end":{"line":24,"column":87}}},"fnMap":{"0":{"name":"(anonymous_0)","decl":{"start":{"line":1,"column":38},"end":{"line":1,"column":39}},"loc":{"start":{"line":2,"column":2},"end":{"line":2,"column":62}},"line":2},"1":{"name":"(anonymous_1)","decl":{"start":{"line":5,"column":29},"end":{"line":5,"column":30}},"loc":{"start":{"line":6,"column":2},"end":{"line":6,"column":70}},"line":6},"2":{"name":"(anonymous_2)","decl":{"start":{"line":9,"column":30},"end":{"line":9,"column":31}},"loc":{"start":{"line":9,"column":45},"end":{"line":14,"column":1}},"line":9},"3":{"name":"(anonymous_3)","decl":{"start":{"line":16,"column":35},"end":{"line":16,"column":36}},"loc":{"start":{"line":16,"column":50},"end":{"line":21,"column":1}},"line":16},"4":{"name":"(anonymous_4)","decl":{"start":{"line":18,"column":54},"end":{"line":18,"column":55}},"loc":{"start":{"line":18,"column":62},"end":{"line":18,"column":78}},"line":18},"5":{"name":"(anonymous_5)","decl":{"start":{"line":23,"column":38},"end":{"line":23,"column":39}},"loc":{"start":{"line":24,"column":2},"end":{"line":24,"column":87}},"line":24}},"branchMap":{"0":{"loc":{"start":{"line":2,"column":2},"end":{"line":2,"column":62}},"type":"binary-expr","locations":[{"start":{"line":2,"column":2},"end":{"line":2,"column":56}},{"start":{"line":2,"column":60},"end":{"line":2,"column":62}}],"line":2},"1":{"loc":{"start":{"line":24,"column":2},"end":{"line":24,"column":87}},"type":"cond-expr","locations":[{"start":{"line":24,"column":15},"end":{"line":24,"column":47}},{"start":{"line":24,"column":50},"end":{"line":24,"column":87}}],"line":24}},"s":{"0":5,"1":27,"2":5,"3":4,"4":5,"5":3,"6":3,"7":3,"8":5,"9":1,"10":1,"11":1,"12":1,"13":5,"14":4},"f":{"0":27,"1":4,"2":3,"3":1,"4":1,"5":4},"b":{"0":[27,21],"1":[3,1]},"_coverageSchema":"1a1c01bbd47fc00a2c39e90264f33305004495a9","hash":"c2dcbd0ceebb2958dfd4217017998541c1cdfef3"}
,"/home/priscila/Documentos/sd-025-b-project-react-testing-library/src/types/index.js": {"path":"/home/priscila/Documentos/sd-025-b-project-react-testing-library/src/types/index.js","statementMap":{"0":{"start":{"line":10,"column":41},"end":{"line":10,"column":55}},"1":{"start":{"line":12,"column":27},"end":{"line":27,"column":2}}},"fnMap":{},"branchMap":{},"s":{"0":5,"1":5},"f":{},"b":{},"_coverageSchema":"1a1c01bbd47fc00a2c39e90264f33305004495a9","hash":"2633179cfa0adbc1f95db7fc918e63cd1daec6ee"}
}
