TN:
SF:src/App.js
FN:15,(anonymous_0)
FN:20,(anonymous_1)
FN:26,(anonymous_2)
FN:28,(anonymous_3)
FN:36,(anonymous_4)
FN:38,(anonymous_5)
FN:52,(anonymous_6)
FNF:7
FNH:7
FNDA:19,(anonymous_0)
FNDA:4,(anonymous_1)
FNDA:23,(anonymous_2)
FNDA:207,(anonymous_3)
FNDA:23,(anonymous_4)
FNDA:207,(anonymous_5)
FNDA:4,(anonymous_6)
DA:16,19
DA:17,19
DA:21,4
DA:23,4
DA:27,23
DA:28,23
DA:29,207
DA:30,207
DA:33,23
DA:37,23
DA:38,207
DA:39,23
DA:52,4
LF:13
LH:13
BRF:0
BRH:0
end_of_record
TN:
SF:src/data.js
FNF:0
FNH:0
DA:1,5
LF:1
LH:1
BRF:0
BRH:0
end_of_record
TN:
SF:src/renderWithRouter.js
FN:6,(anonymous_0)
FNF:1
FNH:1
FNDA:17,(anonymous_0)
DA:6,5
DA:7,17
DA:8,17
LF:3
LH:3
BRF:0
BRH:0
end_of_record
TN:
SF:src/components/Button.js
FN:7,(anonymous_0)
FNF:1
FNH:1
FNDA:378,(anonymous_0)
DA:14,378
DA:16,378
DA:30,5
DA:38,5
LF:4
LH:4
BRF:0
BRH:0
end_of_record
TN:
SF:src/components/FavoriteInput.js
FN:5,(anonymous_0)
FN:16,(anonymous_1)
FNF:2
FNH:2
FNDA:15,(anonymous_0)
FNDA:4,(anonymous_1)
DA:6,15
DA:7,15
DA:16,4
DA:25,5
LF:4
LH:4
BRF:0
BRH:0
end_of_record
TN:
SF:src/components/Pokemon.js
FN:10,(anonymous_0)
FNF:1
FNH:1
FNDA:58,(anonymous_0)
DA:11,58
DA:12,58
DA:13,58
DA:15,58
DA:38,5
DA:44,5
LF:6
LH:6
BRDA:23,0,0,58
BRDA:23,0,1,43
BRDA:26,1,0,58
BRDA:26,1,1,5
BRF:4
BRH:4
end_of_record
TN:
SF:src/components/PokemonButtonsPanel.js
FN:7,(anonymous_0)
FN:12,(anonymous_1)
FN:17,(anonymous_2)
FN:21,(anonymous_3)
FNF:4
FNH:4
FNDA:42,(anonymous_0)
FNDA:1,(anonymous_1)
FNDA:294,(anonymous_2)
FNDA:7,(anonymous_3)
DA:8,42
DA:9,42
DA:12,1
DA:18,294
DA:21,7
DA:32,5
LF:6
LH:6
BRF:0
BRH:0
end_of_record
TN:
SF:src/components/PokemonData.js
FN:5,(anonymous_0)
FN:18,(anonymous_1)
FNF:2
FNH:2
FNDA:15,(anonymous_0)
FNDA:30,(anonymous_1)
DA:6,15
DA:7,15
DA:9,15
DA:19,30
DA:31,5
LF:5
LH:5
BRF:0
BRH:0
end_of_record
TN:
SF:src/components/index.js
FNF:0
FNH:0
LF:0
LH:0
BRF:0
BRH:0
end_of_record
TN:
SF:src/pages/About.js
FN:5,(anonymous_0)
FNF:1
FNH:1
FNDA:5,(anonymous_0)
DA:6,5
LF:1
LH:1
BRF:0
BRH:0
end_of_record
TN:
SF:src/pages/FavoritePokemons.js
FN:12,(anonymous_0)
FN:24,(anonymous_1)
FNF:2
FNH:2
FNDA:3,(anonymous_0)
FNDA:1,(anonymous_1)
DA:9,5
DA:13,3
DA:14,3
DA:16,3
DA:25,1
DA:35,5
DA:39,5
LF:7
LH:7
BRDA:19,0,0,2
BRDA:19,0,1,1
BRF:2
BRH:2
end_of_record
TN:
SF:src/pages/NotFound.js
FN:5,(anonymous_0)
FNF:1
FNH:1
FNDA:4,(anonymous_0)
DA:6,4
LF:1
LH:1
BRF:0
BRH:0
end_of_record
TN:
SF:src/pages/Pokedex.js
FN:14,(anonymous_0)
FN:19,(anonymous_1)
FN:23,(anonymous_2)
FN:24,(anonymous_3)
FN:29,(anonymous_4)
FN:33,(anonymous_5)
FN:39,(anonymous_6)
FN:42,(anonymous_7)
FN:45,(anonymous_8)
FN:61,(anonymous_9)
FN:66,(anonymous_10)
FNF:11
FNH:11
FNDA:19,(anonymous_0)
FNDA:8,(anonymous_1)
FNDA:14,(anonymous_2)
FNDA:14,(anonymous_3)
FNDA:42,(anonymous_4)
FNDA:378,(anonymous_5)
FNDA:42,(anonymous_6)
FNDA:378,(anonymous_7)
FNDA:42,(anonymous_8)
FNDA:8,(anonymous_9)
FNDA:14,(anonymous_10)
DA:15,19
DA:16,19
DA:20,8
DA:24,14
DA:25,14
DA:30,42
DA:31,42
DA:33,42
DA:34,378
DA:35,81
DA:40,42
DA:42,378
DA:46,42
DA:47,42
DA:48,42
DA:49,42
DA:50,42
DA:52,42
DA:61,8
DA:66,14
DA:76,5
LF:21
LH:21
BRDA:34,0,0,297
BRDA:34,0,1,81
BRF:2
BRH:2
end_of_record
TN:
SF:src/pages/PokemonDetails.js
FN:12,(anonymous_0)
FN:15,(anonymous_1)
FN:18,(anonymous_2)
FN:39,(anonymous_3)
FNF:4
FNH:4
FNDA:15,(anonymous_0)
FNDA:15,(anonymous_1)
FNDA:15,(anonymous_2)
FNDA:4,(anonymous_3)
DA:13,15
DA:15,15
DA:23,15
DA:25,15
DA:26,15
DA:27,15
DA:39,4
DA:47,5
LF:8
LH:8
BRF:0
BRH:0
end_of_record
TN:
SF:src/pages/index.js
FNF:0
FNH:0
LF:0
LH:0
BRF:0
BRH:0
end_of_record
TN:
SF:src/routes/index.js
FN:15,(anonymous_0)
FN:24,(anonymous_1)
FN:33,(anonymous_2)
FN:44,(anonymous_3)
FNF:4
FNH:4
FNDA:23,(anonymous_0)
FNDA:20,(anonymous_1)
FNDA:15,(anonymous_2)
FNDA:2,(anonymous_3)
DA:18,23
DA:19,23
DA:25,20
DA:34,15
DA:44,2
DA:53,5
LF:6
LH:6
BRF:0
BRH:0
end_of_record
TN:
SF:src/services/pokedexService.js
FN:1,(anonymous_0)
FN:5,(anonymous_1)
FN:9,(anonymous_2)
FN:16,(anonymous_3)
FN:18,(anonymous_4)
FN:23,(anonymous_5)
FNF:6
FNH:6
FNDA:27,(anonymous_0)
FNDA:4,(anonymous_1)
FNDA:3,(anonymous_2)
FNDA:1,(anonymous_3)
FNDA:1,(anonymous_4)
FNDA:4,(anonymous_5)
DA:1,5
DA:2,27
DA:5,5
DA:6,4
DA:9,5
DA:10,3
DA:11,3
DA:13,3
DA:16,5
DA:17,1
DA:18,1
DA:20,1
DA:23,5
DA:24,4
LF:14
LH:14
BRDA:2,0,0,27
BRDA:2,0,1,21
BRDA:24,1,0,3
BRDA:24,1,1,1
BRF:4
BRH:4
end_of_record
TN:
SF:src/types/index.js
FNF:0
FNH:0
DA:10,5
DA:12,5
LF:2
LH:2
BRF:0
BRH:0
end_of_record
